# JRE version: OpenJDK Runtime Environment Temurin-11.0.14.1+1 (11.0.14.1+1) (build 11.0.14.1+1)
# Java VM: OpenJDK 64-Bit Server VM Temurin-11.0.14.1+1 (11.0.14.1+1, mixed mode, tiered, compressed oops, g1 gc, windows-amd64)
Heap:
 garbage-first heap   total 398336K, used 390689K [0x0000000081800000, 0x0000000100000000)
  region size 1024K, 2 young (2048K), 1 survivors (1024K)
 Metaspace       used 16294K, capacity 16735K, committed 16896K, reserved 1064960K
  class space    used 1592K, capacity 1776K, committed 1792K, reserved 1048576K
GC Heap History (10 events):
Event: 4.031 GC heap before
{Heap before GC invocations=0 (full 0):
 garbage-first heap   total 131072K, used 5120K [0x0000000081800000, 0x0000000100000000)
  region size 1024K, 6 young (6144K), 0 survivors (0K)
 Metaspace       used 8806K, capacity 8979K, committed 9088K, reserved 1056768K
  class space    used 799K, capacity 851K, committed 896K, reserved 1048576K
}
Event: 4.183 GC heap after
{Heap after GC invocations=1 (full 0):
 garbage-first heap   total 131072K, used 2903K [0x0000000081800000, 0x0000000100000000)
  region size 1024K, 1 young (1024K), 1 survivors (1024K)
 Metaspace       used 8806K, capacity 8979K, committed 9088K, reserved 1056768K
  class space    used 799K, capacity 851K, committed 896K, reserved 1048576K
}
Event: 6.403 GC heap before
{Heap before GC invocations=1 (full 0):
 garbage-first heap   total 131072K, used 6999K [0x0000000081800000, 0x0000000100000000)
  region size 1024K, 6 young (6144K), 1 survivors (1024K)
 Metaspace       used 10833K, capacity 11108K, committed 11392K, reserved 1058816K
  class space    used 1004K, capacity 1113K, committed 1152K, reserved 1048576K
}
Event: 6.413 GC heap after
{Heap after GC invocations=2 (full 0):
 garbage-first heap   total 131072K, used 3555K [0x0000000081800000, 0x0000000100000000)
  region size 1024K, 1 young (1024K), 1 survivors (1024K)
 Metaspace       used 10833K, capacity 11108K, committed 11392K, reserved 1058816K
  class space    used 1004K, capacity 1113K, committed 1152K, reserved 1048576K
}
Event: 7.139 GC heap before
{Heap before GC invocations=2 (full 0):
 garbage-first heap   total 131072K, used 8675K [0x0000000081800000, 0x0000000100000000)
  region size 1024K, 6 young (6144K), 1 survivors (1024K)
 Metaspace       used 14338K, capacity 14733K, committed 14848K, reserved 1062912K
  class space    used 1381K, capacity 1511K, committed 1536K, reserved 1048576K
}
Event: 7.142 GC heap after
{Heap after GC invocations=3 (full 0):
 garbage-first heap   total 131072K, used 4015K [0x0000000081800000, 0x0000000100000000)
  region size 1024K, 1 young (1024K), 1 survivors (1024K)
 Metaspace       used 14338K, capacity 14733K, committed 14848K, reserved 1062912K
  class space    used 1381K, capacity 1511K, committed 1536K, reserved 1048576K
}
Event: 7.386 GC heap before
{Heap before GC invocations=3 (full 0):
 garbage-first heap   total 131072K, used 10159K [0x0000000081800000, 0x0000000100000000)
  region size 1024K, 8 young (8192K), 1 survivors (1024K)
 Metaspace       used 16072K, capacity 16488K, committed 16640K, reserved 1064960K
  class space    used 1571K, capacity 1736K, committed 1792K, reserved 1048576K
}
Event: 7.398 GC heap after
{Heap after GC invocations=4 (full 1):
 garbage-first heap   total 20480K, used 4549K [0x0000000081800000, 0x0000000100000000)
  region size 1024K, 0 young (0K), 0 survivors (0K)
 Metaspace       used 16072K, capacity 16488K, committed 16640K, reserved 1064960K
  class space    used 1571K, capacity 1736K, committed 1792K, reserved 1048576K
}
Event: 7.532 GC heap before
{Heap before GC invocations=4 (full 1):
 garbage-first heap   total 20480K, used 6597K [0x0000000081800000, 0x0000000100000000)
  region size 1024K, 2 young (2048K), 0 survivors (0K)
 Metaspace       used 16172K, capacity 16604K, committed 16640K, reserved 1064960K
  class space    used 1587K, capacity 1775K, committed 1792K, reserved 1048576K
}
Event: 7.534 GC heap after
{Heap after GC invocations=5 (full 1):
 garbage-first heap   total 20480K, used 6689K [0x0000000081800000, 0x0000000100000000)
  region size 1024K, 1 young (1024K), 1 survivors (1024K)
 Metaspace       used 16172K, capacity 16604K, committed 16640K, reserved 1064960K
  class space    used 1587K, capacity 1775K, committed 1792K, reserved 1048576K
}

